<?xml version="1.0" encoding="UTF-8"?>
<testsuite xmlns:xsi="http://www.w3.org/2001/XMLSchema-instance" xsi:noNamespaceSchemaLocation="https://maven.apache.org/surefire/maven-surefire-plugin/xsd/surefire-test-report-3.0.xsd" version="3.0" name="org.json.simple.Test" time="0.02" tests="2" errors="0" skipped="0" failures="0">
  <properties>
[...]
</properties>
  <testcase name="testEncode" classname="org.json.simple.Test" time="0.003">
    <system-out><![CDATA[=======encode=======
======array1==========
["abc\u0010a\/",123,222.123,true]

======obj1 with array1===========
{"array1":["abc\u0010a\/",123,222.123,true]}

======array1 with obj1========
["abc\u0010a\/",123,222.123,true,{}]

======list==========
["abc\u0010a\/",123,222.123,true,null]

======map with list===========
{array1=[abc&amp#16;a/, 123, 222.123, true, null]}

[{"k11":"v11","k12":"v12","k13":"v13"},{"k21":"v21","k22":"v22","k23":"v23"}]
[{"k11":"v11","k12":"v12","k13":"v13"},{"k21":"v21","k22":"v22","k23":"v23"}]
[{"k11":"v11","k12":"v12","k13":"v13","k14":{"k31":"v3","k32":123.45,"k33":false,"k34":null,"k35":["vvv","1.23456789123456789",true,null]}},{"k21":"v21","k22":"v22","k23":"v23"}]
]]></system-out>
  </testcase>
  <testcase name="testDecode" classname="org.json.simple.Test" time="0.003">
    <system-out><![CDATA[=======decode=======
======the 2nd element of array======
{"1":{"2":{"3":{"4":[5,{"6":7}]}}}}

======field "1"==========
{"2":{"3":{"4":[5,{"6":7}]}}}
Error at character position: 24
Unexpected token: RIGHT BRACE(})
==iterate result==
first=>123
second=>[4, 5, 6]
third=>789
==toJSONString()==
{"first":123,"second":[4,5,6],"third":789}
startJSON()
startObject()
startObjectEntry(), key:first
primitive(): 123
endObjectEntry()
startObjectEntry(), key:second
startArray()
startObject()
startObjectEntry(), key:s1
startObject()
startObjectEntry(), key:s11
primitive(): v11
endObjectEntry()
endObject()
endObjectEntry()
endObject()
primitive(): 4
primitive(): 5
primitive(): 6
endArray()
endObjectEntry()
startObjectEntry(), key:third
primitive(): 789
endObjectEntry()
endObject()
endJSON()
found id:
id1
found id:
123
found id:
null
]]></system-out>
  </testcase>
</testsuite>